<?xml version="1.0" encoding="UTF-8" ?>
<testsuite failures="0" time="1.929" errors="0" skipped="0" tests="8" name="at.srfg.kmt.ehealth.phrs.persistence.impl.sesame.SesameTriplestoreUnitTest">
  <properties>
    <property name="java.runtime.name" value="Java(TM) SE Runtime Environment"/>
    <property name="sun.boot.library.path" value="/System/Library/Java/JavaVirtualMachines/1.6.0.jdk/Contents/Libraries"/>
    <property name="java.vm.version" value="20.4-b02-402"/>
    <property name="awt.nativeDoubleBuffering" value="true"/>
    <property name="gopherProxySet" value="false"/>
    <property name="mrj.build" value="11M3527"/>
    <property name="java.vm.vendor" value="Apple Inc."/>
    <property name="java.vendor.url" value="http://www.apple.com/"/>
    <property name="path.separator" value=":"/>
    <property name="java.vm.name" value="Java HotSpot(TM) 64-Bit Server VM"/>
    <property name="file.encoding.pkg" value="sun.io"/>
    <property name="user.country" value="US"/>
    <property name="sun.java.launcher" value="SUN_STANDARD"/>
    <property name="sun.os.patch.level" value="unknown"/>
    <property name="java.vm.specification.name" value="Java Virtual Machine Specification"/>
    <property name="user.dir" value="/Volumes/Data/lab0/iiiiiCardea/phrs/ehkmt-integration/phrs-modules/phrs-persistence-driver"/>
    <property name="java.runtime.version" value="1.6.0_29-b11-402-11M3527"/>
    <property name="java.awt.graphicsenv" value="apple.awt.CGraphicsEnvironment"/>
    <property name="basedir" value="/Volumes/Data/lab0/iiiiiCardea/phrs/ehkmt-integration/phrs-modules/phrs-persistence-driver"/>
    <property name="java.endorsed.dirs" value="/System/Library/Java/JavaVirtualMachines/1.6.0.jdk/Contents/Home/lib/endorsed"/>
    <property name="os.arch" value="x86_64"/>
    <property name="surefire.real.class.path" value="/Volumes/Data/lab0/iiiiiCardea/phrs/ehkmt-integration/phrs-modules/phrs-persistence-driver/target/surefire/surefirebooter1288680971938290600.jar"/>
    <property name="java.io.tmpdir" value="/var/folders/ry/jdlm2t4n41ng7s1zw70dj7vh00022r/T/"/>
    <property name="line.separator" value="
"/>
    <property name="java.vm.specification.vendor" value="Sun Microsystems Inc."/>
    <property name="os.name" value="Mac OS X"/>
    <property name="sun.jnu.encoding" value="MacRoman"/>
    <property name="java.library.path" value=".:/Library/Java/Extensions:/System/Library/Java/Extensions:/usr/lib/java"/>
    <property name="surefire.test.class.path" value="/Volumes/Data/lab0/iiiiiCardea/phrs/ehkmt-integration/phrs-modules/phrs-persistence-driver/target/test-classes:/Volumes/Data/lab0/iiiiiCardea/phrs/ehkmt-integration/phrs-modules/phrs-persistence-driver/target/classes:/Users/mradules/.m2/repository/org/openrdf/sesame/sesame-repository-sail/2.4.0/sesame-repository-sail-2.4.0.jar:/Users/mradules/.m2/repository/org/openrdf/sesame/sesame-repository-api/2.4.0/sesame-repository-api-2.4.0.jar:/Users/mradules/.m2/repository/org/openrdf/sesame/sesame-sail-api/2.4.0/sesame-sail-api-2.4.0.jar:/Users/mradules/.m2/repository/org/openrdf/sesame/sesame-queryparser-api/2.4.0/sesame-queryparser-api-2.4.0.jar:/Users/mradules/.m2/repository/org/openrdf/sesame/sesame-queryalgebra-model/2.4.0/sesame-queryalgebra-model-2.4.0.jar:/Users/mradules/.m2/repository/info/aduna/commons/aduna-commons-collections/2.8.0/aduna-commons-collections-2.8.0.jar:/Users/mradules/.m2/repository/org/openrdf/sesame/sesame-query/2.4.0/sesame-query-2.4.0.jar:/Users/mradules/.m2/repository/org/openrdf/sesame/sesame-rio-api/2.4.0/sesame-rio-api-2.4.0.jar:/Users/mradules/.m2/repository/org/openrdf/sesame/sesame-model/2.4.0/sesame-model-2.4.0.jar:/Users/mradules/.m2/repository/info/aduna/commons/aduna-commons-i18n/1.4.0/aduna-commons-i18n-1.4.0.jar:/Users/mradules/.m2/repository/info/aduna/commons/aduna-commons-iteration/2.10.0/aduna-commons-iteration-2.10.0.jar:/Users/mradules/.m2/repository/org/openrdf/sesame/sesame-sail-memory/2.4.0/sesame-sail-memory-2.4.0.jar:/Users/mradules/.m2/repository/org/openrdf/sesame/sesame-sail-inferencer/2.4.0/sesame-sail-inferencer-2.4.0.jar:/Users/mradules/.m2/repository/org/openrdf/sesame/sesame-queryparser-serql/2.4.0/sesame-queryparser-serql-2.4.0.jar:/Users/mradules/.m2/repository/info/aduna/commons/aduna-commons-text/2.7.0/aduna-commons-text-2.7.0.jar:/Users/mradules/.m2/repository/org/openrdf/sesame/sesame-queryalgebra-evaluation/2.4.0/sesame-queryalgebra-evaluation-2.4.0.jar:/Users/mradules/.m2/repository/info/aduna/commons/aduna-commons-concurrent/2.7.0/aduna-commons-concurrent-2.7.0.jar:/Users/mradules/.m2/repository/info/aduna/commons/aduna-commons-io/2.10.0/aduna-commons-io-2.10.0.jar:/Users/mradules/.m2/repository/info/aduna/commons/aduna-commons-lang/2.9.0/aduna-commons-lang-2.9.0.jar:/Users/mradules/.m2/repository/org/openrdf/sesame/sesame-rio-rdfxml/2.4.0/sesame-rio-rdfxml-2.4.0.jar:/Users/mradules/.m2/repository/info/aduna/commons/aduna-commons-net/2.7.0/aduna-commons-net-2.7.0.jar:/Users/mradules/.m2/repository/info/aduna/commons/aduna-commons-xml/2.7.0/aduna-commons-xml-2.7.0.jar:/Users/mradules/.m2/repository/commons-configuration/commons-configuration/1.6/commons-configuration-1.6.jar:/Users/mradules/.m2/repository/commons-collections/commons-collections/3.2.1/commons-collections-3.2.1.jar:/Users/mradules/.m2/repository/commons-lang/commons-lang/2.4/commons-lang-2.4.jar:/Users/mradules/.m2/repository/commons-logging/commons-logging/1.1.1/commons-logging-1.1.1.jar:/Users/mradules/.m2/repository/commons-digester/commons-digester/1.8/commons-digester-1.8.jar:/Users/mradules/.m2/repository/commons-beanutils/commons-beanutils/1.7.0/commons-beanutils-1.7.0.jar:/Users/mradules/.m2/repository/commons-beanutils/commons-beanutils-core/1.8.0/commons-beanutils-core-1.8.0.jar:/Users/mradules/.m2/repository/commons-io/commons-io/2.0.1/commons-io-2.0.1.jar:/Volumes/Data/lab0/iiiiiCardea/phrs/ehkmt-integration/phrs-modules/phrs-constants/target/phrs-constants-1.0-SNAPSHOT.jar:/Users/mradules/.m2/repository/org/slf4j/slf4j-api/1.6.1/slf4j-api-1.6.1.jar:/Users/mradules/.m2/repository/org/slf4j/slf4j-log4j12/1.6.1/slf4j-log4j12-1.6.1.jar:/Users/mradules/.m2/repository/log4j/log4j/1.2.16/log4j-1.2.16.jar:/Users/mradules/.m2/repository/junit/junit/4.8.2/junit-4.8.2.jar:"/>
    <property name="java.specification.name" value="Java Platform API Specification"/>
    <property name="java.class.version" value="50.0"/>
    <property name="sun.management.compiler" value="HotSpot 64-Bit Tiered Compilers"/>
    <property name="os.version" value="10.7.2"/>
    <property name="http.nonProxyHosts" value="local|*.local|169.254/16|*.169.254/16"/>
    <property name="user.home" value="/Users/mradules"/>
    <property name="user.timezone" value=""/>
    <property name="java.awt.printerjob" value="apple.awt.CPrinterJob"/>
    <property name="java.specification.version" value="1.6"/>
    <property name="file.encoding" value="MacRoman"/>
    <property name="user.name" value="mradules"/>
    <property name="java.class.path" value="/Volumes/Data/lab0/iiiiiCardea/phrs/ehkmt-integration/phrs-modules/phrs-persistence-driver/target/test-classes:/Volumes/Data/lab0/iiiiiCardea/phrs/ehkmt-integration/phrs-modules/phrs-persistence-driver/target/classes:/Users/mradules/.m2/repository/org/openrdf/sesame/sesame-repository-sail/2.4.0/sesame-repository-sail-2.4.0.jar:/Users/mradules/.m2/repository/org/openrdf/sesame/sesame-repository-api/2.4.0/sesame-repository-api-2.4.0.jar:/Users/mradules/.m2/repository/org/openrdf/sesame/sesame-sail-api/2.4.0/sesame-sail-api-2.4.0.jar:/Users/mradules/.m2/repository/org/openrdf/sesame/sesame-queryparser-api/2.4.0/sesame-queryparser-api-2.4.0.jar:/Users/mradules/.m2/repository/org/openrdf/sesame/sesame-queryalgebra-model/2.4.0/sesame-queryalgebra-model-2.4.0.jar:/Users/mradules/.m2/repository/info/aduna/commons/aduna-commons-collections/2.8.0/aduna-commons-collections-2.8.0.jar:/Users/mradules/.m2/repository/org/openrdf/sesame/sesame-query/2.4.0/sesame-query-2.4.0.jar:/Users/mradules/.m2/repository/org/openrdf/sesame/sesame-rio-api/2.4.0/sesame-rio-api-2.4.0.jar:/Users/mradules/.m2/repository/org/openrdf/sesame/sesame-model/2.4.0/sesame-model-2.4.0.jar:/Users/mradules/.m2/repository/info/aduna/commons/aduna-commons-i18n/1.4.0/aduna-commons-i18n-1.4.0.jar:/Users/mradules/.m2/repository/info/aduna/commons/aduna-commons-iteration/2.10.0/aduna-commons-iteration-2.10.0.jar:/Users/mradules/.m2/repository/org/openrdf/sesame/sesame-sail-memory/2.4.0/sesame-sail-memory-2.4.0.jar:/Users/mradules/.m2/repository/org/openrdf/sesame/sesame-sail-inferencer/2.4.0/sesame-sail-inferencer-2.4.0.jar:/Users/mradules/.m2/repository/org/openrdf/sesame/sesame-queryparser-serql/2.4.0/sesame-queryparser-serql-2.4.0.jar:/Users/mradules/.m2/repository/info/aduna/commons/aduna-commons-text/2.7.0/aduna-commons-text-2.7.0.jar:/Users/mradules/.m2/repository/org/openrdf/sesame/sesame-queryalgebra-evaluation/2.4.0/sesame-queryalgebra-evaluation-2.4.0.jar:/Users/mradules/.m2/repository/info/aduna/commons/aduna-commons-concurrent/2.7.0/aduna-commons-concurrent-2.7.0.jar:/Users/mradules/.m2/repository/info/aduna/commons/aduna-commons-io/2.10.0/aduna-commons-io-2.10.0.jar:/Users/mradules/.m2/repository/info/aduna/commons/aduna-commons-lang/2.9.0/aduna-commons-lang-2.9.0.jar:/Users/mradules/.m2/repository/org/openrdf/sesame/sesame-rio-rdfxml/2.4.0/sesame-rio-rdfxml-2.4.0.jar:/Users/mradules/.m2/repository/info/aduna/commons/aduna-commons-net/2.7.0/aduna-commons-net-2.7.0.jar:/Users/mradules/.m2/repository/info/aduna/commons/aduna-commons-xml/2.7.0/aduna-commons-xml-2.7.0.jar:/Users/mradules/.m2/repository/commons-configuration/commons-configuration/1.6/commons-configuration-1.6.jar:/Users/mradules/.m2/repository/commons-collections/commons-collections/3.2.1/commons-collections-3.2.1.jar:/Users/mradules/.m2/repository/commons-lang/commons-lang/2.4/commons-lang-2.4.jar:/Users/mradules/.m2/repository/commons-logging/commons-logging/1.1.1/commons-logging-1.1.1.jar:/Users/mradules/.m2/repository/commons-digester/commons-digester/1.8/commons-digester-1.8.jar:/Users/mradules/.m2/repository/commons-beanutils/commons-beanutils/1.7.0/commons-beanutils-1.7.0.jar:/Users/mradules/.m2/repository/commons-beanutils/commons-beanutils-core/1.8.0/commons-beanutils-core-1.8.0.jar:/Users/mradules/.m2/repository/commons-io/commons-io/2.0.1/commons-io-2.0.1.jar:/Volumes/Data/lab0/iiiiiCardea/phrs/ehkmt-integration/phrs-modules/phrs-constants/target/phrs-constants-1.0-SNAPSHOT.jar:/Users/mradules/.m2/repository/org/slf4j/slf4j-api/1.6.1/slf4j-api-1.6.1.jar:/Users/mradules/.m2/repository/org/slf4j/slf4j-log4j12/1.6.1/slf4j-log4j12-1.6.1.jar:/Users/mradules/.m2/repository/log4j/log4j/1.2.16/log4j-1.2.16.jar:/Users/mradules/.m2/repository/junit/junit/4.8.2/junit-4.8.2.jar:"/>
    <property name="java.vm.specification.version" value="1.0"/>
    <property name="sun.arch.data.model" value="64"/>
    <property name="java.home" value="/System/Library/Java/JavaVirtualMachines/1.6.0.jdk/Contents/Home"/>
    <property name="sun.java.command" value="/Volumes/Data/lab0/iiiiiCardea/phrs/ehkmt-integration/phrs-modules/phrs-persistence-driver/target/surefire/surefirebooter1288680971938290600.jar /Volumes/Data/lab0/iiiiiCardea/phrs/ehkmt-integration/phrs-modules/phrs-persistence-driver/target/surefire/surefire4616245259769340974tmp /Volumes/Data/lab0/iiiiiCardea/phrs/ehkmt-integration/phrs-modules/phrs-persistence-driver/target/surefire/surefire2268531795514845580tmp"/>
    <property name="java.specification.vendor" value="Sun Microsystems Inc."/>
    <property name="user.language" value="en"/>
    <property name="awt.toolkit" value="apple.awt.CToolkit"/>
    <property name="java.vm.info" value="mixed mode"/>
    <property name="java.version" value="1.6.0_29"/>
    <property name="java.ext.dirs" value="/Library/Java/Extensions:/System/Library/Java/Extensions:/System/Library/Java/JavaVirtualMachines/1.6.0.jdk/Contents/Home/lib/ext"/>
    <property name="sun.boot.class.path" value="/System/Library/Java/JavaVirtualMachines/1.6.0.jdk/Contents/Classes/jsfd.jar:/System/Library/Java/JavaVirtualMachines/1.6.0.jdk/Contents/Classes/classes.jar:/System/Library/Frameworks/JavaVM.framework/Frameworks/JavaRuntimeSupport.framework/Resources/Java/JavaRuntimeSupport.jar:/System/Library/Java/JavaVirtualMachines/1.6.0.jdk/Contents/Classes/ui.jar:/System/Library/Java/JavaVirtualMachines/1.6.0.jdk/Contents/Classes/laf.jar:/System/Library/Java/JavaVirtualMachines/1.6.0.jdk/Contents/Classes/sunrsasign.jar:/System/Library/Java/JavaVirtualMachines/1.6.0.jdk/Contents/Classes/jsse.jar:/System/Library/Java/JavaVirtualMachines/1.6.0.jdk/Contents/Classes/jce.jar:/System/Library/Java/JavaVirtualMachines/1.6.0.jdk/Contents/Classes/charsets.jar"/>
    <property name="java.vendor" value="Apple Inc."/>
    <property name="localRepository" value="/Users/mradules/.m2/repository"/>
    <property name="file.separator" value="/"/>
    <property name="java.vendor.url.bug" value="http://bugreport.apple.com/"/>
    <property name="sun.cpu.endian" value="little"/>
    <property name="sun.io.unicode.encoding" value="UnicodeLittle"/>
    <property name="mrj.version" value="1070.1.6.0_29-402"/>
    <property name="socksNonProxyHosts" value="local|*.local|169.254/16|*.169.254/16"/>
    <property name="ftp.nonProxyHosts" value="local|*.local|169.254/16|*.169.254/16"/>
    <property name="sun.cpu.isalist" value=""/>
  </properties>
  <testcase time="0.966" classname="at.srfg.kmt.ehealth.phrs.persistence.impl.sesame.SesameTriplestoreUnitTest" name="persitExistTest"/>
  <testcase time="0.219" classname="at.srfg.kmt.ehealth.phrs.persistence.impl.sesame.SesameTriplestoreUnitTest" name="persitExistWithGenURITest"/>
  <testcase time="0.351" classname="at.srfg.kmt.ehealth.phrs.persistence.impl.sesame.SesameTriplestoreUnitTest" name="multivalueNodeTest"/>
  <testcase time="0.073" classname="at.srfg.kmt.ehealth.phrs.persistence.impl.sesame.SesameTriplestoreUnitTest" name="getSinglePredicatValue"/>
  <testcase time="0.07" classname="at.srfg.kmt.ehealth.phrs.persistence.impl.sesame.SesameTriplestoreUnitTest" name="getMultiPredicatValue"/>
  <testcase time="0.031" classname="at.srfg.kmt.ehealth.phrs.persistence.impl.sesame.SesameTriplestoreUnitTest" name="removeSimpleNodeBySPV"/>
  <testcase time="0.081" classname="at.srfg.kmt.ehealth.phrs.persistence.impl.sesame.SesameTriplestoreUnitTest" name="removeSimpleNodeBySP"/>
  <testcase time="0.048" classname="at.srfg.kmt.ehealth.phrs.persistence.impl.sesame.SesameTriplestoreUnitTest" name="removeSimpleNodeByS"/>
</testsuite>